Added Component: Designator=ANT1_2(FP-0900AT43A0070E-MFG)
Add component (AddParameter): Name = "Contact Plating"; Value = "Tin"; VariantName = "[No Variations]"
Add component (AddParameter): Name = "Impedance"; Value = "50R"; VariantName = "[No Variations]"
Add component (AddParameter): Name = "Max Frequency"; Value = "928MHz"; VariantName = "[No Variations]"
Add component (AddParameter): Name = "Mount"; Value = "Surface Mount"; VariantName = "[No Variations]"
Add component (AddParameter): Name = "Number of Pins"; Value = "2"; VariantName = "[No Variations]"
Add component (AddParameter): Name = "RoHS Compliant"; Value = "No"; VariantName = "[No Variations]"
Added Component: Designator=ANT2_2(FP-1462350001-MFG)
Add component (AddParameter): Name = "Automotive"; Value = "No"; VariantName = "[No Variations]"
Add component (AddParameter): Name = "Category"; Value = "Ant"; VariantName = "[No Variations]"
Add component (AddParameter): Name = "ComponentLink2Description"; Value = "Datasheet"; VariantName = "[No Variations]"
Add component (AddParameter): Name = "ComponentLink2URL"; Value = "https://www.molex.com/pdm_docs/sd/1462350001_sd.pdf"; VariantName = "[No Variations]"
Add component (AddParameter): Name = "Device Class L1"; Value = "Integrated Circuits (ICs)"; VariantName = "[No Variations]"
Add component (AddParameter): Name = "Device Class L2"; Value = "RF Semiconductors and Devices"; VariantName = "[No Variations]"
Add component (AddParameter): Name = "Device Class L3"; Value = "RF Antennas"; VariantName = "[No Variations]"
Add component (AddParameter): Name = "Digikey Description"; Value = "RF ANT 1.575GHZ MOLDED SLDR SMD"; VariantName = "[No Variations]"
Add component (AddParameter): Name = "Gain"; Value = "1.1dB"; VariantName = "[No Variations]"
Add component (AddParameter): Name = "Height"; Value = "4.1mm"; VariantName = "[No Variations]"
Add component (AddParameter): Name = "Impedance"; Value = "50O"; VariantName = "[No Variations]"
Add component (AddParameter): Name = "Lead Free"; Value = "Yes"; VariantName = "[No Variations]"
Add component (AddParameter): Name = "Manufacturer"; Value = "Molex"; VariantName = "[No Variations]"
Add component (AddParameter): Name = "Manufacturer Part Number"; Value = "1462350001"; VariantName = "[No Variations]"
Add component (AddParameter): Name = "Max Frequency"; Value = "1607MHz"; VariantName = "[No Variations]"
Add component (AddParameter): Name = "Number Of Bands"; Value = "3"; VariantName = "[No Variations]"
Add component (AddParameter): Name = "Octopart"; Value = "https://octopart.com/146235-0001-molex-75198029"; VariantName = "[No Variations]"
Add component (AddParameter): Name = "Package"; Value = "1462350001"; VariantName = "[No Variations]"
Add component (AddParameter): Name = "Power Rating"; Value = "2W"; VariantName = "[No Variations]"
Add component (AddParameter): Name = "Return Loss"; Value = "-8dB"; VariantName = "[No Variations]"
Add component (AddParameter): Name = "RoHS"; Value = "TRUE"; VariantName = "[No Variations]"
Add component (AddParameter): Name = "Temperature"; Value = "-40°C to +125°C"; VariantName = "[No Variations]"
Add component (AddParameter): Name = "Temperature Range High"; Value = "+125°C"; VariantName = "[No Variations]"
Add component (AddParameter): Name = "Temperature Range Low"; Value = "-40°C"; VariantName = "[No Variations]"
Add Component: Footprint Not Found CAP_C_0603
Add Component: Footprint Not Found CAP_C_0603
Add Component: Footprint Not Found CAP_C_0603
Add Component: Footprint Not Found CAP_C_0603
Add Component: Footprint Not Found CAP_C_0603
Added Component: Designator=C3_2(FP-TAJC-MFG)
Add component (AddParameter): Name = "Capacitance"; Value = "100uF"; VariantName = "[No Variations]"
Add component (AddParameter): Name = "Case Code (Imperial)"; Value = "2412"; VariantName = "[No Variations]"
Add component (AddParameter): Name = "Case Code (Metric)"; Value = "6032"; VariantName = "[No Variations]"
Add component (AddParameter): Name = "Case/Package"; Value = "Molded"; VariantName = "[No Variations]"
Add component (AddParameter): Name = "Construction"; Value = "Flat"; VariantName = "[No Variations]"
Add component (AddParameter): Name = "Depth"; Value = "3.2mm"; VariantName = "[No Variations]"
Add component (AddParameter): Name = "Dielectric Material"; Value = "Tantalum"; VariantName = "[No Variations]"
Add component (AddParameter): Name = "Dissipation Factor"; Value = "8%"; VariantName = "[No Variations]"
Add component (AddParameter): Name = "ESR (Equivalent Series Resistance)"; Value = "1.2R"; VariantName = "[No Variations]"
Add component (AddParameter): Name = "Features"; Value = "General Purpose"; VariantName = "[No Variations]"
Add component (AddParameter): Name = "Height"; Value = "2.6mm"; VariantName = "[No Variations]"
Add component (AddParameter): Name = "Height - Seated (Max)"; Value = "0.11inch"; VariantName = "[No Variations]"
Add component (AddParameter): Name = "Lead Free"; Value = "Lead Free"; VariantName = "[No Variations]"
Add component (AddParameter): Name = "Leakage Current"; Value = "10uA"; VariantName = "[No Variations]"
Add component (AddParameter): Name = "Length"; Value = "6mm"; VariantName = "[No Variations]"
Add component (AddParameter): Name = "Max Operating Temperature"; Value = "125°C"; VariantName = "[No Variations]"
Add component (AddParameter): Name = "Min Operating Temperature"; Value = "-55°C"; VariantName = "[No Variations]"
Add component (AddParameter): Name = "Mount"; Value = "Surface Mount"; VariantName = "[No Variations]"
Add component (AddParameter): Name = "Number of Pins"; Value = "2"; VariantName = "[No Variations]"
Add component (AddParameter): Name = "Package Quantity"; Value = "1"; VariantName = "[No Variations]"
Add component (AddParameter): Name = "Packaging"; Value = "Tape and Reel"; VariantName = "[No Variations]"
Add component (AddParameter): Name = "Polarity"; Value = "Polar"; VariantName = "[No Variations]"
Add component (AddParameter): Name = "Radiation Hardening"; Value = "No"; VariantName = "[No Variations]"
Add component (AddParameter): Name = "REACH SVHC"; Value = "No SVHC"; VariantName = "[No Variations]"
Add component (AddParameter): Name = "RoHS Compliant"; Value = "Yes"; VariantName = "[No Variations]"
Add component (AddParameter): Name = "Series"; Value = "TAJ"; VariantName = "[No Variations]"
Add component (AddParameter): Name = "Termination"; Value = "SMD/SMT"; VariantName = "[No Variations]"
Add component (AddParameter): Name = "Tolerance"; Value = "10%"; VariantName = "[No Variations]"
Add component (AddParameter): Name = "Voltage"; Value = "10V"; VariantName = "[No Variations]"
Add component (AddParameter): Name = "Voltage Rating"; Value = "10V"; VariantName = "[No Variations]"
Add component (AddParameter): Name = "Voltage Rating (DC)"; Value = "10V"; VariantName = "[No Variations]"
Add component (AddParameter): Name = "Width"; Value = "3.2mm"; VariantName = "[No Variations]"
Add Component: Footprint Not Found CAP_C_0603
Add Component: Footprint Not Found CAP_C_0603
Add Component: Footprint Not Found CAP_C_0603
Add Component: Footprint Not Found CAP_C_0603
Add Component: Footprint Not Found CAP_C_0603
Add Component: Footprint Not Found CAP_C_0603
Add Component: Footprint Not Found CAP_C_0603
Add Component: Footprint Not Found CAP_C_0603
Add Component: Footprint Not Found CAP_C_0603
Add Component: Footprint Not Found CAP_C_0603
Add Component: Footprint Not Found CAP_C_0603
Add Component: Footprint Not Found CAP_C_0603
Add Component: Footprint Not Found CAP_C_0603
Add Component: Footprint Not Found CAP_C_0603
Add Component: Footprint Not Found CAP_C_0603
Add Component: Footprint Not Found CAP_C_0603
Add Component: Footprint Not Found CAP_C_0603
Add Component: Footprint Not Found LED_0603_RED
Added Component: Designator=D1_2(SOT65P210X110-6N)
Add component (AddParameter): Name = "Arrow Part Number"; Value = "SMF05C.TCT"; VariantName = "[No Variations]"
Add component (AddParameter): Name = "Arrow Price/Stock"; Value = "https://www.arrow.com/en/products/smf05c.tct/semtech?region=nac"; VariantName = "[No Variations]"
Add component (AddParameter): Name = "Datasheet Link"; Value = "https://www.mouser.co.uk/datasheet/2/761/smf05c-1278099.pdf"; VariantName = "[No Variations]"
Add component (AddParameter): Name = "Height"; Value = "1.1mm"; VariantName = "[No Variations]"
Add component (AddParameter): Name = "Manufacturer_Name"; Value = "SEMTECH"; VariantName = "[No Variations]"
Add component (AddParameter): Name = "Manufacturer_Part_Number"; Value = "SMF05C.TCT"; VariantName = "[No Variations]"
Add component (AddParameter): Name = "Mouser Part Number"; Value = "947-SMF05C.TCT"; VariantName = "[No Variations]"
Add component (AddParameter): Name = "Mouser Price/Stock"; Value = "https://www.mouser.co.uk/ProductDetail/Semtech/SMF05CTCT?qs=rBWM4%252BvDhIcdGOAFdL4XAA%3D%3D"; VariantName = "[No Variations]"
Add Component: Footprint Not Found LED_0603_Blue
Add Component: Footprint Not Found LED_0603_RED
Add Component: Footprint Not Found LED_0603_Green
Add Component: Footprint Not Found LED_0603_RED
Add Component: Footprint Not Found LED_0603_RED
Added Component: Designator=IC1_2(GSM808)
Add component (AddParameter): Name = "Arrow Part Number"; Value = ""; VariantName = "[No Variations]"
Add component (AddParameter): Name = "Arrow Price/Stock"; Value = ""; VariantName = "[No Variations]"
Add component (AddParameter): Name = "Datasheet Link"; Value = "https://cdn-shop.adafruit.com/datasheets/SIM808_Hardware+Design_V1.00.pdf"; VariantName = "[No Variations]"
Add component (AddParameter): Name = "Height"; Value = "2.8mm"; VariantName = "[No Variations]"
Add component (AddParameter): Name = "Manufacturer_Name"; Value = "SIMCOM"; VariantName = "[No Variations]"
Add component (AddParameter): Name = "Manufacturer_Part_Number"; Value = "GSM808"; VariantName = "[No Variations]"
Add component (AddParameter): Name = "Mouser Part Number"; Value = ""; VariantName = "[No Variations]"
Add component (AddParameter): Name = "Mouser Price/Stock"; Value = ""; VariantName = "[No Variations]"
Added Component: Designator=J1_1(USB-MICRO-B_V)
Add component (AddParameter): Name = "3D Model"; Value = "105017-0001.stp"; VariantName = "[No Variations]"
Add component (AddParameter): Name = "Catalog Drawings"; Value = "1050170001"; VariantName = "[No Variations]"
Add component (AddParameter): Name = "Category"; Value = "Connectors,Interconnects"; VariantName = "[No Variations]"
Add component (AddParameter): Name = "Circuits"; Value = "5"; VariantName = "[No Variations]"
Add component (AddParameter): Name = "Connector Type"; Value = "USB-microB"; VariantName = "[No Variations]"
Add component (AddParameter): Name = "Datasheet URL"; Value = "http://www.molex.com/elqNow/elqRedir.htm?ref=http://www.molex.com/webdocs/datasheets/pdf/en-us/1050170001_IO_CONNECTORS.pdf"; VariantName = "[No Variations]"
Add component (AddParameter): Name = "Datasheet Version"; Value = "03/2016"; VariantName = "[No Variations]"
Add component (AddParameter): Name = "Family"; Value = "USB,DVI,HDMIConnectors"; VariantName = "[No Variations]"
Add component (AddParameter): Name = "Featured Product"; Value = "Micro-USBConnectorsUSBConnectors"; VariantName = "[No Variations]"
Add component (AddParameter): Name = "Features"; Value = "Shielded,SolderRetention"; VariantName = "[No Variations]"
Add component (AddParameter): Name = "Gender"; Value = "Receptacle"; VariantName = "[No Variations]"
Add component (AddParameter): Name = "Ingress Protection"; Value = "-"; VariantName = "[No Variations]"
Add component (AddParameter): Name = "Manufacturer"; Value = "Molex"; VariantName = "[No Variations]"
Add component (AddParameter): Name = "Manufacturer URL"; Value = "http://www.molex.com/"; VariantName = "[No Variations]"
Add component (AddParameter): Name = "Mating Products"; Value = "WM17145-ND-CABLEMICROUSBBTOSTDA1.0MWM17147-ND-CABLEMICROUSBBTOSTDA2.0MWM17146-ND-CABLEMICROUSBBTOSTDA1.5M"; VariantName = "[No Variations]"
Add component (AddParameter): Name = "Mounting Technology"; Value = "SurfaceMount"; VariantName = "[No Variations]"
Add component (AddParameter): Name = "Mounting Type"; Value = "BoardCutout,SurfaceMount,RightAngle"; VariantName = "[No Variations]"
Add component (AddParameter): Name = "Number of Contacts"; Value = "5"; VariantName = "[No Variations]"
Add component (AddParameter): Name = "Online Catalog"; Value = "Molex-MicroUSB"; VariantName = "[No Variations]"
Add component (AddParameter): Name = "Other Names"; Value = "WM1399DKR"; VariantName = "[No Variations]"
Add component (AddParameter): Name = "Package Description"; Value = "5-Leads USB, Micro B, Body 7.5 x 5 mm, Pitch 0.65 mm"; VariantName = "[No Variations]"
Add component (AddParameter): Name = "Package Reference"; Value = "MICRO-B"; VariantName = "[No Variations]"
Add component (AddParameter): Name = "Package URL"; Value = "http://www.molex.com/pdm_docs/sd/1050170001_sd.pdf"; VariantName = "[No Variations]"
Add component (AddParameter): Name = "Package Version"; Value = "Rev. F, 12/2012"; VariantName = "[No Variations]"
Add component (AddParameter): Name = "Packaging"; Value = "Digi-Reel®"; VariantName = "[No Variations]"
Add component (AddParameter): Name = "PCN Assembly/Origin"; Value = "ResinSupplier21/Oct/2015"; VariantName = "[No Variations]"
Add component (AddParameter): Name = "RoHS Information"; Value = "1050170001CertofCompliance"; VariantName = "[No Variations]"
Add component (AddParameter): Name = "Series"; Value = "-"; VariantName = "[No Variations]"
Add component (AddParameter): Name = "Specifications"; Value = "-"; VariantName = "[No Variations]"
Add component (AddParameter): Name = "Standard Package"; Value = "1"; VariantName = "[No Variations]"
Add component (AddParameter): Name = "Voltage - Max"; Value = "30V"; VariantName = "[No Variations]"
Added Component: Designator=J1_2(FP-SIM8051-6-0-14-01-A-MFG)
Add component (AddParameter): Name = "Automotive"; Value = "No"; VariantName = "[No Variations]"
Add component (AddParameter): Name = "Category"; Value = "Conn"; VariantName = "[No Variations]"
Add component (AddParameter): Name = "ComponentLink2Description"; Value = "Datasheet"; VariantName = "[No Variations]"
Add component (AddParameter): Name = "ComponentLink2URL"; Value = "https://gct.co/files/drawings/sim8051.pdf"; VariantName = "[No Variations]"
Add component (AddParameter): Name = "Conn Orientation"; Value = "Right Angle"; VariantName = "[No Variations]"
Add component (AddParameter): Name = "Contact Material"; Value = "Gold,Nickel"; VariantName = "[No Variations]"
Add component (AddParameter): Name = "Current Rating"; Value = "0.5A"; VariantName = "[No Variations]"
Add component (AddParameter): Name = "Device Class L1"; Value = "Connectors"; VariantName = "[No Variations]"
Add component (AddParameter): Name = "Device Class L2"; Value = "Memory Connectors"; VariantName = "[No Variations]"
Add component (AddParameter): Name = "Device Class L3"; Value = "unset"; VariantName = "[No Variations]"
Add component (AddParameter): Name = "Digikey Description"; Value = "NANO SIM PUSH PULL, 6P, SMT, 1.3"; VariantName = "[No Variations]"
Add component (AddParameter): Name = "Height"; Value = "1.5mm"; VariantName = "[No Variations]"
Add component (AddParameter): Name = "Is Female"; Value = "yes"; VariantName = "[No Variations]"
Add component (AddParameter): Name = "Lead Free"; Value = "Yes"; VariantName = "[No Variations]"
Add component (AddParameter): Name = "Manufacturer"; Value = "GCT"; VariantName = "[No Variations]"
Add component (AddParameter): Name = "Manufacturer Part Number"; Value = "SIM8051-6-0-14-01-A"; VariantName = "[No Variations]"
Add component (AddParameter): Name = "Number Of Contacts"; Value = "6"; VariantName = "[No Variations]"
Add component (AddParameter): Name = "Octopart"; Value = "https://octopart.com/sim8051-6-0-14-01-a-gct-99340323"; VariantName = "[No Variations]"
Add component (AddParameter): Name = "Package"; Value = "SIM8051-6-0-14-01-A"; VariantName = "[No Variations]"
Add component (AddParameter): Name = "Pitch"; Value = "2.54mm"; VariantName = "[No Variations]"
Add component (AddParameter): Name = "RoHS"; Value = "TRUE"; VariantName = "[No Variations]"
Add component (AddParameter): Name = "Temperature"; Value = "-40°C to +85°C"; VariantName = "[No Variations]"
Add component (AddParameter): Name = "Temperature Range High"; Value = "+85°C"; VariantName = "[No Variations]"
Add component (AddParameter): Name = "Temperature Range Low"; Value = "-40°C"; VariantName = "[No Variations]"
Add component (AddParameter): Name = "Voltage Rating"; Value = "30V"; VariantName = "[No Variations]"
Add Component: Footprint Not Found HDR_F_2.54_1x4_U_TH_V_SAM_SSW-104-01-G-S
Added Component: Designator=J2_2(FP-MM8030-2610RJ3-MFG)
Add component (AddParameter): Name = "Body Material"; Value = "Copper"; VariantName = "[No Variations]"
Add component (AddParameter): Name = "Case/Package"; Value = "SMD/SMT"; VariantName = "[No Variations]"
Add component (AddParameter): Name = "Connector Type"; Value = "Socket"; VariantName = "[No Variations]"
Add component (AddParameter): Name = "Contact Plating"; Value = "Gold"; VariantName = "[No Variations]"
Add component (AddParameter): Name = "Depth"; Value = "2mm"; VariantName = "[No Variations]"
Add component (AddParameter): Name = "Fastening Type"; Value = "Pull"; VariantName = "[No Variations]"
Add component (AddParameter): Name = "Frequency"; Value = "11GHz"; VariantName = "[No Variations]"
Add component (AddParameter): Name = "Housing Color"; Value = "Gold"; VariantName = "[No Variations]"
Add component (AddParameter): Name = "Impedance"; Value = "50R"; VariantName = "[No Variations]"
Add component (AddParameter): Name = "Insulation Resistance"; Value = "500MR"; VariantName = "[No Variations]"
Add component (AddParameter): Name = "Lead Free"; Value = "Lead Free"; VariantName = "[No Variations]"
Add component (AddParameter): Name = "Length"; Value = "2.1mm"; VariantName = "[No Variations]"
Add component (AddParameter): Name = "Max Frequency"; Value = "11GHz"; VariantName = "[No Variations]"
Add component (AddParameter): Name = "Max Operating Temperature"; Value = "85°C"; VariantName = "[No Variations]"
Add component (AddParameter): Name = "Min Operating Temperature"; Value = "-40°C"; VariantName = "[No Variations]"
Add component (AddParameter): Name = "Mount"; Value = "Surface Mount"; VariantName = "[No Variations]"
Add component (AddParameter): Name = "Operating Frequency"; Value = "0 to 11 GHz"; VariantName = "[No Variations]"
Add component (AddParameter): Name = "Orientation"; Value = "Straight"; VariantName = "[No Variations]"
Add component (AddParameter): Name = "Package Quantity"; Value = "1"; VariantName = "[No Variations]"
Add component (AddParameter): Name = "Packaging"; Value = "Tape and Reel"; VariantName = "[No Variations]"
Add component (AddParameter): Name = "Polarity"; Value = "Standard"; VariantName = "[No Variations]"
Add component (AddParameter): Name = "RoHS Compliant"; Value = "No"; VariantName = "[No Variations]"
Add component (AddParameter): Name = "Series"; Value = "8030"; VariantName = "[No Variations]"
Add component (AddParameter): Name = "Termination"; Value = "Solder"; VariantName = "[No Variations]"
Add component (AddParameter): Name = "Voltage Rating"; Value = "250V"; VariantName = "[No Variations]"
Add Component: Footprint Not Found HDR_F_1.27_1x8_U_TH_V_SUL_LPPB081NFFN-RC
Added Component: Designator=J3_2(FP-MM8030-2610RJ3-MFG)
Add component (AddParameter): Name = "Body Material"; Value = "Copper"; VariantName = "[No Variations]"
Add component (AddParameter): Name = "Case/Package"; Value = "SMD/SMT"; VariantName = "[No Variations]"
Add component (AddParameter): Name = "Connector Type"; Value = "Socket"; VariantName = "[No Variations]"
Add component (AddParameter): Name = "Contact Plating"; Value = "Gold"; VariantName = "[No Variations]"
Add component (AddParameter): Name = "Depth"; Value = "2mm"; VariantName = "[No Variations]"
Add component (AddParameter): Name = "Fastening Type"; Value = "Pull"; VariantName = "[No Variations]"
Add component (AddParameter): Name = "Frequency"; Value = "11GHz"; VariantName = "[No Variations]"
Add component (AddParameter): Name = "Housing Color"; Value = "Gold"; VariantName = "[No Variations]"
Add component (AddParameter): Name = "Impedance"; Value = "50R"; VariantName = "[No Variations]"
Add component (AddParameter): Name = "Insulation Resistance"; Value = "500MR"; VariantName = "[No Variations]"
Add component (AddParameter): Name = "Lead Free"; Value = "Lead Free"; VariantName = "[No Variations]"
Add component (AddParameter): Name = "Length"; Value = "2.1mm"; VariantName = "[No Variations]"
Add component (AddParameter): Name = "Max Frequency"; Value = "11GHz"; VariantName = "[No Variations]"
Add component (AddParameter): Name = "Max Operating Temperature"; Value = "85°C"; VariantName = "[No Variations]"
Add component (AddParameter): Name = "Min Operating Temperature"; Value = "-40°C"; VariantName = "[No Variations]"
Add component (AddParameter): Name = "Mount"; Value = "Surface Mount"; VariantName = "[No Variations]"
Add component (AddParameter): Name = "Operating Frequency"; Value = "0 to 11 GHz"; VariantName = "[No Variations]"
Add component (AddParameter): Name = "Orientation"; Value = "Straight"; VariantName = "[No Variations]"
Add component (AddParameter): Name = "Package Quantity"; Value = "1"; VariantName = "[No Variations]"
Add component (AddParameter): Name = "Packaging"; Value = "Tape and Reel"; VariantName = "[No Variations]"
Add component (AddParameter): Name = "Polarity"; Value = "Standard"; VariantName = "[No Variations]"
Add component (AddParameter): Name = "RoHS Compliant"; Value = "No"; VariantName = "[No Variations]"
Add component (AddParameter): Name = "Series"; Value = "8030"; VariantName = "[No Variations]"
Add component (AddParameter): Name = "Termination"; Value = "Solder"; VariantName = "[No Variations]"
Add component (AddParameter): Name = "Voltage Rating"; Value = "250V"; VariantName = "[No Variations]"
Add Component: Footprint Not Found HDR_F_1.27_1x8_U_TH_V_SUL_LPPB081NFFN-RC
Add Component: Footprint Not Found IND_C_0603
Add Component: Footprint Not Found IND_C_0603
Add Component: Footprint Not Found IND_C_0603
Add Component: Footprint Not Found SOT-23-3
Add Component: Footprint Not Found SOT-23-3
Add Component: Footprint Not Found SOT-23-3
Add Component: Footprint Not Found RES_C_0603
Add Component: Footprint Not Found RES_C_0603
Add Component: Footprint Not Found RES_C_0603
Add Component: Footprint Not Found RES_C_0603
Add Component: Footprint Not Found RES_C_0603
Add Component: Footprint Not Found RES_C_0603
Add Component: Footprint Not Found RES_C_0603
Add Component: Footprint Not Found RES_C_0603
Add Component: Footprint Not Found RES_C_0603
Add Component: Footprint Not Found RES_C_0603
Add Component: Footprint Not Found RES_C_0603
Add Component: Footprint Not Found RES_C_0603
Add Component: Footprint Not Found RES_C_0603
Add Component: Footprint Not Found RES_C_0603
Add Component: Footprint Not Found RES_C_0603
Add Component: Footprint Not Found RES_C_0603
Add Component: Footprint Not Found RES_C_0603
Add Component: Footprint Not Found RES_C_0603
Add Component: Footprint Not Found RES_C_0603
Add Component: Footprint Not Found RES_C_0603
Add Component: Footprint Not Found RES_C_0603
Add Component: Footprint Not Found RES_C_0603
Add Component: Footprint Not Found RES_C_0603
Add Component: Footprint Not Found RES_C_0603
Add Component: Footprint Not Found RES_C_0603
Add Component: Footprint Not Found RES_C_0603
Add Component: Footprint Not Found RES_C_0603
Add Component: Footprint Not Found RES_C_0603
Add Component: Footprint Not Found RES_C_0603
Added Component: Designator=U1_1(KEYSTONE-1042)
Add component (AddParameter): Name = "Arrow Part Number"; Value = ""; VariantName = "[No Variations]"
Add component (AddParameter): Name = "Arrow Price/Stock"; Value = ""; VariantName = "[No Variations]"
Add component (AddParameter): Name = "Datasheet Link"; Value = "http://www.mouser.com/ds/2/215/042-744829.pdf"; VariantName = "[No Variations]"
Add component (AddParameter): Name = "Manufacturer_Name"; Value = "Keystone Electronics"; VariantName = "[No Variations]"
Add component (AddParameter): Name = "Manufacturer_Part_Number"; Value = "1042"; VariantName = "[No Variations]"
Add component (AddParameter): Name = "Mouser Part Number"; Value = "534-1042"; VariantName = "[No Variations]"
Add component (AddParameter): Name = "Mouser Price/Stock"; Value = "https://www.mouser.co.uk/ProductDetail/Keystone-Electronics/1042?qs=%2F7TOpeL5Mz4qPdWi9tuLKw%3D%3D"; VariantName = "[No Variations]"
Add Component: Footprint Not Found TQFP-32_7x7
Add Component: Footprint Not Found SOT-89-3
Added Component: Designator=U4_1(STM-LGA16-3X3X1)
Add component (AddParameter): Name = "ComponentLink1Description"; Value = "Manufacturer URL"; VariantName = "[No Variations]"
Add component (AddParameter): Name = "ComponentLink1URL"; Value = "http://www.st.com/"; VariantName = "[No Variations]"
Add component (AddParameter): Name = "ComponentLink2Description"; Value = "LIS331DLH Datasheet"; VariantName = "[No Variations]"
Add component (AddParameter): Name = "ComponentLink2URL"; Value = "http://www.st.com/internet/com/TECHNICAL_RESOURCES/TECHNICAL_LITERATURE/DATASHEET/CD00213470.pdf"; VariantName = "[No Variations]"
Add component (AddParameter): Name = "ComponentLink3Description"; Value = "LIS331DLH Web Page"; VariantName = "[No Variations]"
Add component (AddParameter): Name = "ComponentLink3URL"; Value = "http://www.st.com/internet/analog/product/218132.jsp"; VariantName = "[No Variations]"
Add component (AddParameter): Name = "DatasheetVersion"; Value = "rev3, Jul-2009"; VariantName = "[No Variations]"
Add component (AddParameter): Name = "Manufacturer"; Value = "STMicroelectronics"; VariantName = "[No Variations]"
Add component (AddParameter): Name = "PackageDescription"; Value = "16-Pin Land Grid Array, 3 x 3 x 1 mm Body, 0.5 mm Pitch"; VariantName = "[No Variations]"
Add component (AddParameter): Name = "PackageReference"; Value = "LGA16-3X3X1"; VariantName = "[No Variations]"
Add component (AddParameter): Name = "PackageVersion"; Value = "2008"; VariantName = "[No Variations]"
Add component (AddParameter): Name = "RevisionNote"; Value = "PCB layout corrected."; VariantName = "[No Variations]"
Added Component: Designator=U5_1(FP-CP2102N-A02-GQFN20-MFG)
Add Component: Footprint Not Found CRYSTAL_FX135A_L3.2W1.5H0.9
Added Component: Designator=Z1_2(SOD3716X135N)
Add component (AddParameter): Name = "Arrow Part Number"; Value = "BZT52C5V1-TP"; VariantName = "[No Variations]"
Add component (AddParameter): Name = "Arrow Price/Stock"; Value = "https://www.arrow.com/en/products/bzt52c5v1-tp/micro-commercial-components?region=nac"; VariantName = "[No Variations]"
Add component (AddParameter): Name = "Datasheet Link"; Value = "https://componentsearchengine.com/Datasheets/2/BZT52C5V1-TP.pdf"; VariantName = "[No Variations]"
Add component (AddParameter): Name = "Height"; Value = "1.35mm"; VariantName = "[No Variations]"
Add component (AddParameter): Name = "Manufacturer_Name"; Value = "Micro Commercial Components (MCC)"; VariantName = "[No Variations]"
Add component (AddParameter): Name = "Manufacturer_Part_Number"; Value = "BZT52C5V1-TP"; VariantName = "[No Variations]"
Add component (AddParameter): Name = "Mouser Part Number"; Value = "833-BZT52C5V1-TP"; VariantName = "[No Variations]"
Add component (AddParameter): Name = "Mouser Price/Stock"; Value = "https://www.mouser.co.uk/ProductDetail/Micro-Commercial-Components-MCC/BZT52C5V1-TP?qs=ZNK0BnemlqGS%2FcMHrWMpww%3D%3D"; VariantName = "[No Variations]"
Added Pin To Net: NetName= Pin=IC1_2-16
Added Net: Name=
Added Pin To Net: NetName=+2.8 Pin=U4_1-1
Added Pin To Net: NetName=+2.8 Pin=U4_1-8
Added Pin To Net: NetName=+2.8 Pin=U4_1-14
Added Net: Name=+2.8
Added Pin To Net: NetName=+3.3 Pin=U5_1-6
Added Net: Name=+3.3
Added Pin To Net: NetName=+5 Pin=IC1_2-25
Added Pin To Net: NetName=+5 Pin=J1_1-1
Added Pin To Net: NetName=+5 Pin=U5_1-7
Added Pin To Net: NetName=+5 Pin=U5_1-8
Added Net: Name=+5
Added Pin To Net: NetName=ACCEL_INT1 Pin=U4_1-11
Added Net: Name=ACCEL_INT1
Added Net: Name=AVR_AC_AINP4
Added Net: Name=AVR_RST
Added Pin To Net: NetName=AVR_TWI0_SCL Pin=U4_1-4
Added Net: Name=AVR_TWI0_SCL
Added Pin To Net: NetName=AVR_TWI0_SDA Pin=U4_1-6
Added Net: Name=AVR_TWI0_SDA
Added Net: Name=AVR_UPDI
Added Net: Name=AVR_USART0_RX
Added Net: Name=AVR_USART0_TX
Added Net: Name=AVR_USART1_RX
Added Net: Name=AVR_USART1_TX
Added Net: Name=AVR_XTAL32K1
Added Net: Name=AVR_XTAL32K2
Added Pin To Net: NetName=CO2102N_RST Pin=U5_1-9
Added Net: Name=CO2102N_RST
Added Pin To Net: NetName=CO2102N_USART_RX Pin=U5_1-17
Added Net: Name=CO2102N_USART_RX
Added Pin To Net: NetName=CO2102N_USART_TX Pin=U5_1-18
Added Net: Name=CO2102N_USART_TX
Added Pin To Net: NetName=GND Pin=ANT2_2-2
Added Pin To Net: NetName=GND Pin=ANT2_2-3
Added Pin To Net: NetName=GND Pin=ANT2_2-4
Added Pin To Net: NetName=GND Pin=C3_2-1
Added Pin To Net: NetName=GND Pin=D1_2-2
Added Pin To Net: NetName=GND Pin=IC1_2-1
Added Pin To Net: NetName=GND Pin=IC1_2-2
Added Pin To Net: NetName=GND Pin=IC1_2-3
Added Pin To Net: NetName=GND Pin=IC1_2-18
Added Pin To Net: NetName=GND Pin=IC1_2-28
Added Pin To Net: NetName=GND Pin=IC1_2-34
Added Pin To Net: NetName=GND Pin=IC1_2-36
Added Pin To Net: NetName=GND Pin=IC1_2-40
Added Pin To Net: NetName=GND Pin=IC1_2-51
Added Pin To Net: NetName=GND Pin=IC1_2-52
Added Pin To Net: NetName=GND Pin=IC1_2-54
Added Pin To Net: NetName=GND Pin=IC1_2-64
Added Pin To Net: NetName=GND Pin=IC1_2-65
Added Pin To Net: NetName=GND Pin=IC1_2-67
Added Pin To Net: NetName=GND Pin=IC1_2-68
Added Pin To Net: NetName=GND Pin=J1_1-5
Added Pin To Net: NetName=GND Pin=J1_2-1
Added Pin To Net: NetName=GND Pin=J1_2-2
Added Pin To Net: NetName=GND Pin=J1_2-3
Added Pin To Net: NetName=GND Pin=J1_2-4
Added Pin To Net: NetName=GND Pin=J1_2-C5
Added Pin To Net: NetName=GND Pin=J2_2-3
Added Pin To Net: NetName=GND Pin=J3_2-3
Added Pin To Net: NetName=GND Pin=U1_1-1
Added Pin To Net: NetName=GND Pin=U4_1-5
Added Pin To Net: NetName=GND Pin=U4_1-12
Added Pin To Net: NetName=GND Pin=U4_1-13
Added Pin To Net: NetName=GND Pin=U4_1-16
Added Pin To Net: NetName=GND Pin=U5_1-3
Added Pin To Net: NetName=GND Pin=U5_1-12
Added Pin To Net: NetName=GND Pin=U5_1-21
Added Pin To Net: NetName=GND Pin=Z1_2-2
Added Net: Name=GND
Added Pin To Net: NetName=GPS_ANT Pin=ANT2_2-1
Added Net: Name=GPS_ANT
Added Pin To Net: NetName=GPS_RF_COAXIAL_OUT Pin=J3_2-2
Added Net: Name=GPS_RF_COAXIAL_OUT
Added Pin To Net: NetName=GSM_ANT Pin=ANT1_2-1
Added Net: Name=GSM_ANT
Added Pin To Net: NetName=GSM_RF_COAXIAL_OUT Pin=J2_2-2
Added Net: Name=GSM_RF_COAXIAL_OUT
Added Net: Name=NetC6_1_2
Added Net: Name=NetD1_1_1
Added Net: Name=NetD1_1_2
Added Net: Name=NetD2_1_2
Added Net: Name=NetD2_2_2
Added Net: Name=NetD3_1_2
Added Net: Name=NetD3_2_2
Added Net: Name=NetD4_1_2
Added Pin To Net: NetName=NetIC1_2_8 Pin=IC1_2-8
Added Net: Name=NetIC1_2_8
Added Net: Name=NetQ1_2_1
Added Net: Name=NetQ2_2_1
Added Net: Name=NetQ2_2_3
Added Net: Name=NetQ3_2_1
Added Net: Name=NetQ3_2_3
Added Net: Name=SIM808_DTRPIN
Added Pin To Net: NetName=SIM808_DTR Pin=IC1_2-9
Added Net: Name=SIM808_DTR
Added Pin To Net: NetName=SIM808_GPS_RF Pin=IC1_2-35
Added Pin To Net: NetName=SIM808_GPS_RF Pin=J3_2-1
Added Net: Name=SIM808_GPS_RF
Added Pin To Net: NetName=SIM808_GSM_RF Pin=IC1_2-66
Added Pin To Net: NetName=SIM808_GSM_RF Pin=J2_2-1
Added Net: Name=SIM808_GSM_RF
Added Pin To Net: NetName=SIM808_NETLIGHT Pin=IC1_2-50
Added Net: Name=SIM808_NETLIGHT
Added Net: Name=SIM808_PWRKEY
Added Pin To Net: NetName=SIM808_RXD Pin=IC1_2-15
Added Net: Name=SIM808_RXD
Added Pin To Net: NetName=SIM808_STATUS Pin=IC1_2-49
Added Net: Name=SIM808_STATUS
Added Pin To Net: NetName=SIM808_TXD Pin=IC1_2-14
Added Net: Name=SIM808_TXD
Added Pin To Net: NetName=SIM808_VRTC Pin=IC1_2-17
Added Net: Name=SIM808_VRTC
Added Pin To Net: NetName=SIM_CLK Pin=IC1_2-31
Added Net: Name=SIM_CLK
Added Pin To Net: NetName=SIM_DATA Pin=IC1_2-30
Added Net: Name=SIM_DATA
Added Pin To Net: NetName=SIM_RST Pin=IC1_2-32
Added Net: Name=SIM_RST
Added Pin To Net: NetName=SIM_VDD Pin=D1_2-3
Added Pin To Net: NetName=SIM_VDD Pin=D1_2-4
Added Pin To Net: NetName=SIM_VDD Pin=IC1_2-29
Added Pin To Net: NetName=SIM_VDD Pin=J1_2-C1
Added Net: Name=SIM_VDD
Added Pin To Net: NetName=SMF05C_CAT1 Pin=D1_2-1
Added Pin To Net: NetName=SMF05C_CAT1 Pin=J1_2-C2
Added Net: Name=SMF05C_CAT1
Added Pin To Net: NetName=SMF05C_CAT4 Pin=D1_2-5
Added Pin To Net: NetName=SMF05C_CAT4 Pin=J1_2-C7
Added Net: Name=SMF05C_CAT4
Added Pin To Net: NetName=SMF05C_CAT5 Pin=D1_2-6
Added Pin To Net: NetName=SMF05C_CAT5 Pin=J1_2-C3
Added Net: Name=SMF05C_CAT5
Added Pin To Net: NetName=USB_D_N Pin=J1_1-2
Added Pin To Net: NetName=USB_D_N Pin=U5_1-5
Added Net: Name=USB_D_N
Added Pin To Net: NetName=USB_D_P Pin=J1_1-3
Added Pin To Net: NetName=USB_D_P Pin=U5_1-4
Added Net: Name=USB_D_P
Added Pin To Net: NetName=VBAT Pin=C3_2-2
Added Pin To Net: NetName=VBAT Pin=IC1_2-4
Added Pin To Net: NetName=VBAT Pin=IC1_2-5
Added Pin To Net: NetName=VBAT Pin=IC1_2-6
Added Pin To Net: NetName=VBAT Pin=U1_1-2
Added Pin To Net: NetName=VBAT Pin=Z1_2-1
Added Net: Name=VBAT
Added Class: Name=MCU+Power_Supply+Accel
Added Class: Name=SIM808+RF
Added Class: Name=DIFF_USB
Added Differential Pair: Name=USB_D
Added Room: Name=MCU+Power_Supply+Accel
Added Room: Name=SIM808+RF
