Add Component: Footprint Not Found GSM808
Add Component: Footprint Not Found RES_C_0603
Add Component: Footprint Not Found RES_C_0603
Add Component: Footprint Not Found RES_C_0603
Add Component: Footprint Not Found TQFP-32_7x7
Add Pin To Net: Unknown Pin: Pin IC1_2-1
Add Pin To Net: Unknown Pin: Pin IC1_2-2
Add Pin To Net: Unknown Pin: Pin IC1_2-3
Add Pin To Net: Unknown Pin: Pin IC1_2-4
Add Pin To Net: Unknown Pin: Pin IC1_2-5
Add Pin To Net: Unknown Pin: Pin IC1_2-6
Add Pin To Net: Unknown Pin: Pin IC1_2-8
Add Pin To Net: Unknown Pin: Pin IC1_2-9
Add Pin To Net: Unknown Pin: Pin IC1_2-14
Add Pin To Net: Unknown Pin: Pin IC1_2-15
Add Pin To Net: Unknown Pin: Pin IC1_2-16
Add Pin To Net: Unknown Pin: Pin IC1_2-17
Add Pin To Net: Unknown Pin: Pin IC1_2-18
Add Pin To Net: Unknown Pin: Pin IC1_2-25
Add Pin To Net: Unknown Pin: Pin IC1_2-28
Add Pin To Net: Unknown Pin: Pin IC1_2-29
Add Pin To Net: Unknown Pin: Pin IC1_2-30
Add Pin To Net: Unknown Pin: Pin IC1_2-31
Add Pin To Net: Unknown Pin: Pin IC1_2-32
Add Pin To Net: Unknown Pin: Pin IC1_2-34
Add Pin To Net: Unknown Pin: Pin IC1_2-35
Add Pin To Net: Unknown Pin: Pin IC1_2-36
Add Pin To Net: Unknown Pin: Pin IC1_2-40
Add Pin To Net: Unknown Pin: Pin IC1_2-49
Add Pin To Net: Unknown Pin: Pin IC1_2-50
Add Pin To Net: Unknown Pin: Pin IC1_2-51
Add Pin To Net: Unknown Pin: Pin IC1_2-52
Add Pin To Net: Unknown Pin: Pin IC1_2-54
Add Pin To Net: Unknown Pin: Pin IC1_2-64
Add Pin To Net: Unknown Pin: Pin IC1_2-65
Add Pin To Net: Unknown Pin: Pin IC1_2-66
Add Pin To Net: Unknown Pin: Pin IC1_2-67
Add Pin To Net: Unknown Pin: Pin IC1_2-68
Add Pin To Net: Unknown Pin: Pin R5_1-1
Add Pin To Net: Unknown Pin: Pin R5_1-2
Add Pin To Net: Unknown Pin: Pin R6_1-1
Add Pin To Net: Unknown Pin: Pin R6_1-2
Add Pin To Net: Unknown Pin: Pin R7_1-1
Add Pin To Net: Unknown Pin: Pin R7_1-2
Add Pin To Net: Unknown Pin: Pin U2_1-1
Add Pin To Net: Unknown Pin: Pin U2_1-6
Add Pin To Net: Unknown Pin: Pin U2_1-7
Add Pin To Net: Unknown Pin: Pin U2_1-9
Add Pin To Net: Unknown Pin: Pin U2_1-10
Add Pin To Net: Unknown Pin: Pin U2_1-13
Add Pin To Net: Unknown Pin: Pin U2_1-14
Add Pin To Net: Unknown Pin: Pin U2_1-15
Add Pin To Net: Unknown Pin: Pin U2_1-16
Add Pin To Net: Unknown Pin: Pin U2_1-17
Add Pin To Net: Unknown Pin: Pin U2_1-18
Add Pin To Net: Unknown Pin: Pin U2_1-19
Add Pin To Net: Unknown Pin: Pin U2_1-20
Add Pin To Net: Unknown Pin: Pin U2_1-21
Add Pin To Net: Unknown Pin: Pin U2_1-26
Add Pin To Net: Unknown Pin: Pin U2_1-27
Add Pin To Net: Unknown Pin: Pin U2_1-28
Add Pin To Net: Unknown Pin: Pin U2_1-29
Add Pin To Net: Unknown Pin: Pin U2_1-30
Add Pin To Net: Unknown Pin: Pin U2_1-31
Add Pin To Net: Unknown Pin: Pin U2_1-32
Add Class Member: Failed to add class member : Component IC1_2 GSM808
Add Class Member: Failed to add class member : Component R5_1 Resistor
Add Class Member: Failed to add class member : Component R6_1 Resistor
Add Class Member: Failed to add class member : Component R7_1 Resistor
Add Class Member: Failed to add class member : Component U2_1 AVR64DD32-I/PT
