Change Component Designator: OldDesignator=BATTERY_HOLDER NewDesignator=U1_1
Change Component Designator: OldDesignator=GPS_ANT_JMP NewDesignator=J3_2
Change Component Designator: OldDesignator=GSM_ANT NewDesignator=ANT1_2
Change Component Designator: OldDesignator=GSM_ANT_JMP NewDesignator=J2_2
Change Component Designator: OldDesignator=mUSB NewDesignator=J1_1
Change Component Designator: OldDesignator=SIM808 NewDesignator=IC1_2
Added Component: Designator=ANT2_2(FP-1462350001-MFG)
Add component (AddParameter): Name = "Automotive"; Value = "No"; VariantName = "[No Variations]"
Add component (AddParameter): Name = "Category"; Value = "Ant"; VariantName = "[No Variations]"
Add component (AddParameter): Name = "ComponentLink2Description"; Value = "Datasheet"; VariantName = "[No Variations]"
Add component (AddParameter): Name = "ComponentLink2URL"; Value = "https://www.molex.com/pdm_docs/sd/1462350001_sd.pdf"; VariantName = "[No Variations]"
Add component (AddParameter): Name = "Device Class L1"; Value = "Integrated Circuits (ICs)"; VariantName = "[No Variations]"
Add component (AddParameter): Name = "Device Class L2"; Value = "RF Semiconductors and Devices"; VariantName = "[No Variations]"
Add component (AddParameter): Name = "Device Class L3"; Value = "RF Antennas"; VariantName = "[No Variations]"
Add component (AddParameter): Name = "Digikey Description"; Value = "RF ANT 1.575GHZ MOLDED SLDR SMD"; VariantName = "[No Variations]"
Add component (AddParameter): Name = "Gain"; Value = "1.1dB"; VariantName = "[No Variations]"
Add component (AddParameter): Name = "Height"; Value = "4.1mm"; VariantName = "[No Variations]"
Add component (AddParameter): Name = "Impedance"; Value = "50O"; VariantName = "[No Variations]"
Add component (AddParameter): Name = "Lead Free"; Value = "Yes"; VariantName = "[No Variations]"
Add component (AddParameter): Name = "Manufacturer"; Value = "Molex"; VariantName = "[No Variations]"
Add component (AddParameter): Name = "Manufacturer Part Number"; Value = "1462350001"; VariantName = "[No Variations]"
Add component (AddParameter): Name = "Max Frequency"; Value = "1607MHz"; VariantName = "[No Variations]"
Add component (AddParameter): Name = "Number Of Bands"; Value = "3"; VariantName = "[No Variations]"
Add component (AddParameter): Name = "Octopart"; Value = "https://octopart.com/146235-0001-molex-75198029"; VariantName = "[No Variations]"
Add component (AddParameter): Name = "Package"; Value = "1462350001"; VariantName = "[No Variations]"
Add component (AddParameter): Name = "Power Rating"; Value = "2W"; VariantName = "[No Variations]"
Add component (AddParameter): Name = "Return Loss"; Value = "-8dB"; VariantName = "[No Variations]"
Add component (AddParameter): Name = "RoHS"; Value = "TRUE"; VariantName = "[No Variations]"
Add component (AddParameter): Name = "Temperature"; Value = "-40°C to +125°C"; VariantName = "[No Variations]"
Add component (AddParameter): Name = "Temperature Range High"; Value = "+125°C"; VariantName = "[No Variations]"
Add component (AddParameter): Name = "Temperature Range Low"; Value = "-40°C"; VariantName = "[No Variations]"
Added Pin To Net: NetName=GPS_ANT Pin=ANT2_2-1
Added Pin To Net: NetName=GND Pin=ANT2_2-2
Added Pin To Net: NetName=GND Pin=ANT2_2-3
Added Pin To Net: NetName=GND Pin=ANT2_2-4
Change Net Name : Old Net Name= New Net Name=
Added Member To Class: ClassName=SIM808+RF Member=Component ANT2_2 1462350001
Added Member To Class: ClassName=MCU+Power_Supply+Accel Member=Component C1_1 Capacitor NP
Added Member To Class: ClassName=SIM808+RF Member=Component D1_2 SMF05C.TCT
Added Member To Class: ClassName=SIM808+RF Member=Component IC1_2 GSM808
Added Member To Class: ClassName=SIM808+RF Member=Component R1_2 Resistor
