Change Component Designator: Old Designator=C1 New Designator=C7_1
Change Component Designator: Old Designator=C2 New Designator=C9_1
Change Component Designator: Old Designator=C7 New Designator=C10_1
Change Component Designator: Old Designator=C8 New Designator=C11_1
Change Component Designator: Old Designator=C9 New Designator=C16_1
Change Component Designator: Old Designator=C11 New Designator=C15_1
Change Component Designator: Old Designator=C12 New Designator=C4_1
Change Component Designator: Old Designator=C13 New Designator=C6_1
Change Component Designator: Old Designator=C14 New Designator=C2_1
Change Component Designator: Old Designator=C15 New Designator=C3_1
Change Component Designator: Old Designator=C16 New Designator=C5_1
Change Component Designator: Old Designator=C17 New Designator=C8_1
Change Component Designator: Old Designator=C18 New Designator=C12_1
Change Component Designator: Old Designator=C19 New Designator=C1_1
Change Component Designator: Old Designator=C21 New Designator=C13_1
Change Component Designator: Old Designator=C22 New Designator=C14_1
Change Component Designator: Old Designator=D_TVS1 New Designator=D_TVS2_1
Change Component Designator: Old Designator=D_TVS2 New Designator=D_TVS1_1
Change Component Designator: Old Designator=FB1 New Designator=FB2_1
Change Component Designator: Old Designator=FB2 New Designator=FB1_1
Change Component Designator: Old Designator=J1 New Designator=J1_1
Change Component Designator: Old Designator=J2 New Designator=J2_1
Change Component Designator: Old Designator=J3 New Designator=J4_1
Change Component Designator: Old Designator=J4 New Designator=J5_1
Change Component Designator: Old Designator=J6 New Designator=J3_1
Change Component Designator: Old Designator=Q1 New Designator=Q2_1
Change Component Designator: Old Designator=Q2 New Designator=Q1_1
Change Component Designator: Old Designator=R1 New Designator=R7_1
Change Component Designator: Old Designator=R5 New Designator=R3_1
Change Component Designator: Old Designator=R7 New Designator=R6_1
Change Component Designator: Old Designator=R10 New Designator=R5_1
Change Component Designator: Old Designator=R14 New Designator=R4_1
Change Component Designator: Old Designator=R19 New Designator=R2_1
Change Component Designator: Old Designator=R20 New Designator=R1_1
Change Component Designator: Old Designator=U1 New Designator=U1_1
Change Component Designator: Old Designator=U2 New Designator=U4_1
Change Component Designator: Old Designator=U4 New Designator=U2_1
Change Component Designator: Old Designator=U5 New Designator=U3_1
Change Component Designator: Old Designator=Y1 New Designator=Y1_1
