Change Component Designator: Old Designator=C7_2 New Designator=C11_1
Change Component Designator: Old Designator=C7_2 New Designator=C13_1
Change Component Designator: Old Designator=C8_1 New Designator=C7_1
Change Component Designator: Old Designator=C10_1 New Designator=C8_1
Change Component Designator: Old Designator=C12_1 New Designator=C9_1
Change Component Designator: Old Designator=C13_1 New Designator=C10_1
Change Component Designator: Old Designator=C13_1 New Designator=C12_1
Change Component Designator: Old Designator=C13_1 New Designator=C14_1
Change Component Designator: Old Designator=D1_1 New Designator=D4_1
Change Component Designator: Old Designator=J3_1 New Designator=J2_1
Change Component Designator: Old Designator=J4_1 New Designator=J3_1
Change Component Designator: Old Designator=J5_1 New Designator=J4_1
Change Component Designator: Old Designator=R3_1 New Designator=R4_1
Change Component Designator: Old Designator=R4_1 New Designator=R6_1
Change Component Designator: Old Designator=R6_1 New Designator=R3_1
Change Component Designator: Old Designator=R6_1 New Designator=R8_1
Change Component Designator: Old Designator=R6_1 New Designator=R11_1
Change Component Designator: Old Designator=R6_1 New Designator=R12_1
Change Component Designator: Old Designator=R6_1 New Designator=R13_1
Change Component Designator: Old Designator=R7_1 New Designator=R9_1
Change Component Designator: Old Designator=R8_1 New Designator=R5_1
Change Component Designator: Old Designator=R9_1 New Designator=R7_1
Change Component Designator: Old Designator=R? New Designator=R10_1
Change Component Designator: Old Designator=U1_1 New Designator=U2_1
Change Component Designator: Old Designator=U2_1 New Designator=U3_1
Change Component Designator: Old Designator=U3_1 New Designator=U4_1
Change Component Designator: Old Designator=U? New Designator=U1_1
Change Component Designator: Old Designator=U? New Designator=U5_1
