Change Component Designator: Old Designator=C? New Designator=C1_1
Change Component Designator: Old Designator=C? New Designator=C4_1
Change Component Designator: Old Designator=C? New Designator=C5_1
Change Component Designator: Old Designator=C? New Designator=C6_1
Change Component Designator: Old Designator=C? New Designator=C7_1
Change Component Designator: Old Designator=C? New Designator=C8_1
Change Component Designator: Old Designator=C? New Designator=C9_1
Change Component Designator: Old Designator=C? New Designator=C15_1
Change Component Designator: Old Designator=D? New Designator=D1_1
Change Component Designator: Old Designator=D? New Designator=D2_1
Change Component Designator: Old Designator=D? New Designator=D3_1
Change Component Designator: Old Designator=J? New Designator=J4_1
Change Component Designator: Old Designator=J? New Designator=J5_1
Change Component Designator: Old Designator=R? New Designator=R5_1
Change Component Designator: Old Designator=R? New Designator=R6_1
Change Component Designator: Old Designator=R? New Designator=R7_1
Change Component Designator: Old Designator=R? New Designator=R10_1
Change Component Designator: Old Designator=R? New Designator=R11_1
Change Component Designator: Old Designator=R? New Designator=R12_1
Change Component Designator: Old Designator=R? New Designator=R13_1
Change Component Designator: Old Designator=U? New Designator=U2_1
Change Component Designator: Old Designator=U? New Designator=U5_1
