Change Component Designator: Old Designator=ANT1 New Designator=ANT1_2
Change Component Designator: Old Designator=ANT2 New Designator=ANT2_2
Change Component Designator: Old Designator=C3 New Designator=C1_2
Change Component Designator: Old Designator=C4 New Designator=C3_2
Change Component Designator: Old Designator=C5 New Designator=C4_2
Change Component Designator: Old Designator=C6 New Designator=C5_2
Change Component Designator: Old Designator=C10 New Designator=C2_2
Change Component Designator: Old Designator=C20 New Designator=C7_2
Change Component Designator: Old Designator=C23 New Designator=C6_2
Change Component Designator: Old Designator=C24 New Designator=C8_2
Change Component Designator: Old Designator=C25 New Designator=C9_2
Change Component Designator: Old Designator=D1 New Designator=D1_2
Change Component Designator: Old Designator=IC1 New Designator=IC1_2
Change Component Designator: Old Designator=J5 New Designator=J1_2
Change Component Designator: Old Designator=J7 New Designator=J2_2
Change Component Designator: Old Designator=J8 New Designator=J3_2
Change Component Designator: Old Designator=L1 New Designator=L1_2
Change Component Designator: Old Designator=L2 New Designator=L3_2
Change Component Designator: Old Designator=L3 New Designator=L2_2
Change Component Designator: Old Designator=Q3 New Designator=Q1_2
Change Component Designator: Old Designator=Q4 New Designator=Q2_2
Change Component Designator: Old Designator=Q5 New Designator=Q3_2
Change Component Designator: Old Designator=R2 New Designator=R7_2
Change Component Designator: Old Designator=R3 New Designator=R8_2
Change Component Designator: Old Designator=R4 New Designator=R6_2
Change Component Designator: Old Designator=R6 New Designator=R11_2
Change Component Designator: Old Designator=R8 New Designator=R13_2
Change Component Designator: Old Designator=R9 New Designator=R1_2
Change Component Designator: Old Designator=R11 New Designator=R2_2
Change Component Designator: Old Designator=R12 New Designator=R12_2
Change Component Designator: Old Designator=R13 New Designator=R9_2
Change Component Designator: Old Designator=R15 New Designator=R10_2
Change Component Designator: Old Designator=R16 New Designator=R14_2
Change Component Designator: Old Designator=R17 New Designator=R3_2
Change Component Designator: Old Designator=R18 New Designator=R4_2
Change Component Designator: Old Designator=R21 New Designator=R5_2
Change Component Designator: Old Designator=U3 New Designator=U1_2
